Drill report for C:\Users\Maxime\Desktop\Spikeling\Version 2\PCB\Maxime_Spikeling.kicad_pcb
Created on 04/02/2019 02:46:01

Copper Layer Stackup:
    =============================================================
    L1 :  F.Cu                      front
    L2 :  B.Cu                      back


Drill file 'Maxime_Spikeling-PTH.drl' contains
    plated through holes:
    =============================================================
    T1  0.40mm  0.016"  (42 holes)
    T2  0.70mm  0.028"  (2 holes)
    T3  0.80mm  0.031"  (142 holes)
    T4  0.90mm  0.035"  (4 holes)
    T5  1.00mm  0.039"  (20 holes)  (with 3 slots)
    T6  1.10mm  0.043"  (4 holes)
    T7  1.70mm  0.067"  (30 holes)

    Total plated holes count 244


Drill file 'Maxime_Spikeling-NPTH.drl' contains
    unplated through holes:
    =============================================================
    T1  2.00mm  0.079"  (10 holes)
    T2  3.20mm  0.126"  (4 holes)

    Total unplated holes count 14
